Aligning contigs to reference...
	Aligning contigs to the reference
Filtering alignments...
Parsing coords...
Loading reference...
	Loaded [NC_003888.3]
	Total Regions: 1
	Total Region Length: 1000000
Analyzing contigs...
CONTIG: CONTIG_1 (50120bp)
Best alignment score: 50120.0 (LEN: 50120, IDY: 100.00), Total number of alignments: 1
		One align captures most of this contig: 1 50120 | 1 50120 | 50120 50120 | 100.0 | NC_003888.3 CONTIG_1

CONTIG: CONTIG_2 (50952bp)
Best alignment score: 50952.0 (LEN: 50952, IDY: 100.00), Total number of alignments: 1
		One align captures most of this contig: 50121 101072 | 1 50952 | 50952 50952 | 100.0 | NC_003888.3 CONTIG_2

CONTIG: CONTIG_3 (49360bp)
Best alignment score: 49360.0 (LEN: 49360, IDY: 100.00), Total number of alignments: 1
		One align captures most of this contig: 101073 150432 | 1 49360 | 49360 49360 | 100.0 | NC_003888.3 CONTIG_3

CONTIG: CONTIG_4 (50972bp)
Best alignment score: 50972.0 (LEN: 50972, IDY: 100.00), Total number of alignments: 1
		One align captures most of this contig: 150433 201404 | 1 50972 | 50972 50972 | 100.0 | NC_003888.3 CONTIG_4

CONTIG: CONTIG_5 (49633bp)
Best alignment score: 49633.0 (LEN: 49633, IDY: 100.00), Total number of alignments: 1
		One align captures most of this contig: 201405 251037 | 1 49633 | 49633 49633 | 100.0 | NC_003888.3 CONTIG_5

CONTIG: CONTIG_6 (50281bp)
Best alignment score: 50281.0 (LEN: 50281, IDY: 100.00), Total number of alignments: 1
		One align captures most of this contig: 251038 301318 | 1 50281 | 50281 50281 | 100.0 | NC_003888.3 CONTIG_6

CONTIG: CONTIG_7 (50844bp)
Best alignment score: 50844.0 (LEN: 50844, IDY: 100.00), Total number of alignments: 1
		One align captures most of this contig: 301319 352162 | 1 50844 | 50844 50844 | 100.0 | NC_003888.3 CONTIG_7

CONTIG: CONTIG_8 (50134bp)
Best alignment score: 50134.0 (LEN: 50134, IDY: 100.00), Total number of alignments: 1
		One align captures most of this contig: 352163 402296 | 1 50134 | 50134 50134 | 100.0 | NC_003888.3 CONTIG_8

CONTIG: CONTIG_9 (49171bp)
Best alignment score: 49171.0 (LEN: 49171, IDY: 100.00), Total number of alignments: 1
		One align captures most of this contig: 402297 451467 | 1 49171 | 49171 49171 | 100.0 | NC_003888.3 CONTIG_9

CONTIG: CONTIG_10 (50818bp)
Best alignment score: 50818.0 (LEN: 50818, IDY: 100.00), Total number of alignments: 1
		One align captures most of this contig: 451468 502285 | 1 50818 | 50818 50818 | 100.0 | NC_003888.3 CONTIG_10

CONTIG: CONTIG_11 (50219bp)
Best alignment score: 50219.0 (LEN: 50219, IDY: 100.00), Total number of alignments: 1
		One align captures most of this contig: 502286 552504 | 1 50219 | 50219 50219 | 100.0 | NC_003888.3 CONTIG_11

CONTIG: CONTIG_12 (49333bp)
Best alignment score: 49333.0 (LEN: 49333, IDY: 100.00), Total number of alignments: 1
		One align captures most of this contig: 552505 601837 | 1 49333 | 49333 49333 | 100.0 | NC_003888.3 CONTIG_12

CONTIG: CONTIG_13 (50165bp)
Best alignment score: 50165.0 (LEN: 50165, IDY: 100.00), Total number of alignments: 1
		One align captures most of this contig: 601838 652002 | 1 50165 | 50165 50165 | 100.0 | NC_003888.3 CONTIG_13

CONTIG: CONTIG_14 (50586bp)
Best alignment score: 50586.0 (LEN: 50586, IDY: 100.00), Total number of alignments: 1
		One align captures most of this contig: 652003 702588 | 1 50586 | 50586 50586 | 100.0 | NC_003888.3 CONTIG_14

CONTIG: CONTIG_15 (50696bp)
Best alignment score: 50696.0 (LEN: 50696, IDY: 100.00), Total number of alignments: 1
		One align captures most of this contig: 702589 753284 | 1 50696 | 50696 50696 | 100.0 | NC_003888.3 CONTIG_15

CONTIG: CONTIG_16 (50930bp)
Best alignment score: 50930.0 (LEN: 50930, IDY: 100.00), Total number of alignments: 1
		One align captures most of this contig: 753285 804214 | 1 50930 | 50930 50930 | 100.0 | NC_003888.3 CONTIG_16

CONTIG: CONTIG_17 (50998bp)
Best alignment score: 50998.0 (LEN: 50998, IDY: 100.00), Total number of alignments: 1
		One align captures most of this contig: 804215 855212 | 1 50998 | 50998 50998 | 100.0 | NC_003888.3 CONTIG_17

CONTIG: CONTIG_18 (50072bp)
Best alignment score: 50072.0 (LEN: 50072, IDY: 100.00), Total number of alignments: 1
		One align captures most of this contig: 855213 905284 | 1 50072 | 50072 50072 | 100.0 | NC_003888.3 CONTIG_18

CONTIG: CONTIG_19 (49326bp)
Best alignment score: 49326.0 (LEN: 49326, IDY: 100.00), Total number of alignments: 1
		One align captures most of this contig: 905285 954610 | 1 49326 | 49326 49326 | 100.0 | NC_003888.3 CONTIG_19

CONTIG: CONTIG_20 (45390bp)
Best alignment score: 45390.0 (LEN: 45390, IDY: 100.00), Total number of alignments: 1
		One align captures most of this contig: 954611 1000000 | 1 45390 | 45390 45390 | 100.0 | NC_003888.3 CONTIG_20

Analyzing coverage...
Writing SNPs into /home/segofied/Documents/bgc_quast_ppl/work/ce/05727c03833a512fe738f850227cad/quast/contigs_reports/minimap_output/assembly_20.used_snps

Analysis is finished!
Founded SNPs were written into /home/segofied/Documents/bgc_quast_ppl/work/ce/05727c03833a512fe738f850227cad/quast/contigs_reports/minimap_output/assembly_20.used_snps

Results:
	Local Misassemblies: 0
	Misassemblies: 0
		Relocations: 0
		Translocations: 0
		Inversions: 0
	Scaffold gap extensive misassemblies: 0
	Scaffold gap local misassemblies: 0
	Misassembled Contigs: 0
	Misassembled Contig Bases: 0
	Misassemblies Inter-Contig Overlap ("Extra" Aligned Bases): 0
Unaligned Contigs: 0 + 0 part
Half Unaligned Contigs with Misassemblies: 0
Unaligned Bases in Fully and Partially Unaligned Contigs: 0

Ambiguously Mapped Contigs: 0
Total Bases in Ambiguously Mapped Contigs: 0
"Extra" Aligned Bases in Ambiguously Mapped Contigs: 0
Note that --allow-ambiguity option was set to "one" and only first alignment per each of these contigs was used (there is no "extra" aligned bases).

	Covered Bases in Reference: 1000000
	Raw Aligned Bases in Assembly: 1000000
	Total Aligned Bases in Assembly (with "Extras"): 1000000

	SNPs: 0
	Insertions: 0
	Deletions: 0

