/opt/conda/bin/quast.py --output-dir quast -r reference_long.fasta --threads 4 --min-contig 3000 --labels assembly_10,assembly_20 assembly_10_long.fasta assembly_20_long.fasta

Version: 5.3.0

System information:
  OS: Linux-6.17.0-40-generic-x86_64-with-glibc2.39 (linux_64)
  Python version: 3.12.8
  CPUs number: 4

Started: 2026-07-16 12:43:39

Logging to /home/segofied/Documents/bgc_quast_ppl/work/ce/05727c03833a512fe738f850227cad/quast/quast.log

CWD: /home/segofied/Documents/bgc_quast_ppl/work/ce/05727c03833a512fe738f850227cad
Main parameters: 
  MODE: default, threads: 4, min contig length: 3000, min alignment length: 65, min alignment IDY: 95.0, \
  ambiguity: one, min local misassembly length: 200, min extensive misassembly length: 1000

Reference:
  /home/segofied/Documents/bgc_quast_ppl/work/ce/05727c03833a512fe738f850227cad/reference_long.fasta ==> reference_long

Contigs:
  Pre-processing...
  1  assembly_10_long.fasta ==> assembly_10
  2  assembly_20_long.fasta ==> assembly_20

2026-07-16 12:43:40
Running Basic statistics processor...
  Reference genome:
    reference_long.fasta, length = 1000000, num fragments = 1, GC % = 72.52
  Contig files: 
    1  assembly_10
    2  assembly_20
  Calculating N50 and L50...
    1  assembly_10, N50 = 100176, L50 = 5, auN = 100004.1, Total length = 1000000, GC % = 72.52, # N's per 100 kbp =  0.00
    2  assembly_20, N50 = 50219, L50 = 10, auN = 50029.5, Total length = 1000000, GC % = 72.52, # N's per 100 kbp =  0.00
  Drawing Nx plot...
    saved to /home/segofied/Documents/bgc_quast_ppl/work/ce/05727c03833a512fe738f850227cad/quast/basic_stats/Nx_plot.pdf
  Drawing NGx plot...
    saved to /home/segofied/Documents/bgc_quast_ppl/work/ce/05727c03833a512fe738f850227cad/quast/basic_stats/NGx_plot.pdf
  Drawing cumulative plot...
    saved to /home/segofied/Documents/bgc_quast_ppl/work/ce/05727c03833a512fe738f850227cad/quast/basic_stats/cumulative_plot.pdf
  Drawing GC content plot...
    saved to /home/segofied/Documents/bgc_quast_ppl/work/ce/05727c03833a512fe738f850227cad/quast/basic_stats/GC_content_plot.pdf
  Drawing assembly_10 GC content plot...
    saved to /home/segofied/Documents/bgc_quast_ppl/work/ce/05727c03833a512fe738f850227cad/quast/basic_stats/assembly_10_GC_content_plot.pdf
  Drawing assembly_20 GC content plot...
    saved to /home/segofied/Documents/bgc_quast_ppl/work/ce/05727c03833a512fe738f850227cad/quast/basic_stats/assembly_20_GC_content_plot.pdf
Done.

2026-07-16 12:43:41
Running Contig analyzer...
  1  assembly_10
  2  assembly_20
  1  Logging to files /home/segofied/Documents/bgc_quast_ppl/work/ce/05727c03833a512fe738f850227cad/quast/contigs_reports/contigs_report_assembly_10.stdout and contigs_report_assembly_10.stderr...
  1  Aligning contigs to the reference
  2  Logging to files /home/segofied/Documents/bgc_quast_ppl/work/ce/05727c03833a512fe738f850227cad/quast/contigs_reports/contigs_report_assembly_20.stdout and contigs_report_assembly_20.stderr...
  2  Aligning contigs to the reference
  1  /opt/conda/bin/minimap2 -c -x asm10 -B5 -O4,16 --no-long-join -r 200 -N 50 -s \
     65 -z 200 --mask-level 0.9 --min-occ 200 -g 2500 --score-N 2 --cs -t 2 quast/quast_corrected_input/reference_long.fasta \
     quast/quast_corrected_input/assembly_10.fasta > quast/contigs_reports/minimap_output/assembly_10.coords_tmp \
     2>> quast/contigs_reports/contigs_report_assembly_10.stderr
  2  /opt/conda/bin/minimap2 -c -x asm10 -B5 -O4,16 --no-long-join -r 200 -N 50 -s \
     65 -z 200 --mask-level 0.9 --min-occ 200 -g 2500 --score-N 2 --cs -t 2 quast/quast_corrected_input/reference_long.fasta \
     quast/quast_corrected_input/assembly_20.fasta > quast/contigs_reports/minimap_output/assembly_20.coords_tmp \
     2>> quast/contigs_reports/contigs_report_assembly_20.stderr
  1  Analysis is finished.

  2  Analysis is finished.

  Creating total report...
    saved to /home/segofied/Documents/bgc_quast_ppl/work/ce/05727c03833a512fe738f850227cad/quast/contigs_reports/misassemblies_report.txt, misassemblies_report.tsv, and misassemblies_report.tex
  Transposed version of total report...
    saved to /home/segofied/Documents/bgc_quast_ppl/work/ce/05727c03833a512fe738f850227cad/quast/contigs_reports/transposed_report_misassemblies.txt, transposed_report_misassemblies.tsv, and transposed_report_misassemblies.tex
  Creating total report...
    saved to /home/segofied/Documents/bgc_quast_ppl/work/ce/05727c03833a512fe738f850227cad/quast/contigs_reports/unaligned_report.txt, unaligned_report.tsv, and unaligned_report.tex
  Drawing misassemblies by types plot...
    saved to /home/segofied/Documents/bgc_quast_ppl/work/ce/05727c03833a512fe738f850227cad/quast/contigs_reports/misassemblies_plot.pdf
  Drawing misassemblies FRCurve plot...
    saved to /home/segofied/Documents/bgc_quast_ppl/work/ce/05727c03833a512fe738f850227cad/quast/contigs_reports/misassemblies_frcurve_plot.pdf
Done.

2026-07-16 12:43:42
Running NA-NGA calculation...
  1  assembly_10, Largest alignment = 100957, NA50 = 100176, NGA50 = 100176, LA50 = 5, LGA50 = 5
  2  assembly_20, Largest alignment = 50998, NA50 = 50219, NGA50 = 50219, LA50 = 10, LGA50 = 10
  Drawing cumulative plot...
    saved to /home/segofied/Documents/bgc_quast_ppl/work/ce/05727c03833a512fe738f850227cad/quast/aligned_stats/cumulative_plot.pdf
  Drawing NAx plot...
    saved to /home/segofied/Documents/bgc_quast_ppl/work/ce/05727c03833a512fe738f850227cad/quast/aligned_stats/NAx_plot.pdf
  Drawing NGAx plot...
    saved to /home/segofied/Documents/bgc_quast_ppl/work/ce/05727c03833a512fe738f850227cad/quast/aligned_stats/NGAx_plot.pdf
Done.

2026-07-16 12:43:42
Running Genome analyzer...
  NOTICE: No file with genomic features were provided. Use the --features option if you want to specify it.

  NOTICE: No file with operons were provided. Use the -O option if you want to specify it.
  1  assembly_10
  2  assembly_20
  1  Analysis is finished.
  2  Analysis is finished.
  Drawing Genome fraction, % histogram...
    saved to /home/segofied/Documents/bgc_quast_ppl/work/ce/05727c03833a512fe738f850227cad/quast/genome_stats/genome_fraction_histogram.pdf
Done.

NOTICE: Genes are not predicted by default. Use --gene-finding or --glimmer option to enable it.

2026-07-16 12:43:42
Creating large visual summaries...
This may take a while: press Ctrl-C to skip this step..
  1 of 2: Creating PDF with all tables and plots...
  2 of 2: Creating Icarus viewers...
Done

2026-07-16 12:43:43
RESULTS:
  Text versions of total report are saved to /home/segofied/Documents/bgc_quast_ppl/work/ce/05727c03833a512fe738f850227cad/quast/report.txt, report.tsv, and report.tex
  Text versions of transposed total report are saved to /home/segofied/Documents/bgc_quast_ppl/work/ce/05727c03833a512fe738f850227cad/quast/transposed_report.txt, transposed_report.tsv, and transposed_report.tex
  HTML version (interactive tables and plots) is saved to /home/segofied/Documents/bgc_quast_ppl/work/ce/05727c03833a512fe738f850227cad/quast/report.html
  PDF version (tables and plots) is saved to /home/segofied/Documents/bgc_quast_ppl/work/ce/05727c03833a512fe738f850227cad/quast/report.pdf
  Icarus (contig browser) is saved to /home/segofied/Documents/bgc_quast_ppl/work/ce/05727c03833a512fe738f850227cad/quast/icarus.html
  Log is saved to /home/segofied/Documents/bgc_quast_ppl/work/ce/05727c03833a512fe738f850227cad/quast/quast.log

Finished: 2026-07-16 12:43:43
Elapsed time: 0:00:04.363716
NOTICEs: 3; WARNINGs: 1; non-fatal ERRORs: 0

Thank you for using QUAST!
